The zookeeper is waking up the animals.
raakel the Rhino woke up
raini the Rhino woke up
henry the Hippo woke up
hector the Hippo woke up
ezra the Elephant woke up
evan the Elephant woke up
theodore the Tiger woke up
tucker the Tiger woke up
liam the Lion woke up
leo the Lion woke up
caleb the Cat woke up
chase the Cat woke up
wyatt the Wolf woke up
wade the Wolf woke up
diego the Dog woke up
declan the Dog woke up
The zookeeper called roll.
raakel the Rhino is growling
raini the Rhino is growling
henry the Hippo is grunting
hector the Hippo is grunting
ezra the Elephant is trumpeting
evan the Elephant is trumpeting
theodore the Tiger is chuffing
tucker the Tiger is chuffing
liam the Lion is moaning
leo the Lion is moaning
caleb the Cat is mewoing
chase the Cat is mewoing
wyatt the Wolf is bark-howling
wade the Wolf is bark-howling
diego the Dog is barking
declan the Dog is barking
The zookeeper is feeding the animals.
raakel the Rhino is eating
raini the Rhino is eating
henry the Hippo is eating
hector the Hippo is eating
ezra the Elephant is eating
evan the Elephant is eating
theodore the Tiger is eating
tucker the Tiger is eating
liam the Lion is eating
leo the Lion is eating
caleb the Cat is eating
chase the Cat is eating
wyatt the Wolf is eating
wade the Wolf is eating
diego the Dog is eating
declan the Dog is eating
The zookeeper is giving the animals exercises.
raakel the Rhino is jumping
raini the Rhino is jumping
henry the Hippo is jumping
hector the Hippo is jumping
ezra the Elephant is jumping
evan the Elephant is jumping
theodore the Tiger is running around
tucker the Tiger is running around
liam the Lion is running around
leo the Lion is running around
caleb the Cat is running around
chase the Cat is running around
wyatt the Wolf is seeking something
wade the Wolf is seeking something
diego the Dog is seeking something
declan the Dog is seeking something
The zookeeper is shutting down the zoo.
raakel the Rhino is sleeping
raini the Rhino is sleeping
henry the Hippo is sleeping
hector the Hippo is sleeping
ezra the Elephant is sleeping
evan the Elephant is sleeping
theodore the Tiger is sleeping
tucker the Tiger is sleeping
liam the Lion is sleeping
leo the Lion is sleeping
caleb the Cat is sleeping
chase the Cat is mewoing
wyatt the Wolf is sleeping
wade the Wolf is sleeping
diego the Dog is sleeping
declan the Dog is sleeping
